[09:29:00,614] [INFO] CmdHandlerFactory.init --> org.hero.msg.GameMsgProtocol$UserLoginCmd <=======> org.hero.handler.UserLoginCmdHandler
[09:29:00,629] [INFO] CmdHandlerFactory.init --> org.hero.msg.GameMsgProtocol$UserMoveToCmd <=======> org.hero.handler.UserMoveToCmdHandler
[09:29:00,639] [INFO] CmdHandlerFactory.init --> org.hero.msg.GameMsgProtocol$UserAttkCmd <=======> org.hero.handler.UserAttkCmdHandler
[09:29:00,649] [INFO] CmdHandlerFactory.init --> org.hero.msg.GameMsgProtocol$UserEntryCmd <=======> org.hero.handler.UserEntryCmdHandler
[09:29:00,659] [INFO] CmdHandlerFactory.init --> org.hero.msg.GameMsgProtocol$WhoElseIsHereCmd <=======> org.hero.handler.WhoElseIsHereCmdHandler
[09:29:14,083] [INFO] GameMsgRecognizer.init --> 16 <====> org.hero.msg.GameMsgProtocol$SelectHeroResult
[09:32:52,982] [INFO] GameMsgRecognizer.init --> 15 <====> org.hero.msg.GameMsgProtocol$SelectHeroCmd
[09:32:54,101] [INFO] GameMsgRecognizer.init --> 14 <====> org.hero.msg.GameMsgProtocol$UserLoginResult
[09:32:54,529] [INFO] GameMsgRecognizer.init --> 13 <====> org.hero.msg.GameMsgProtocol$UserLoginCmd
[09:32:54,919] [INFO] GameMsgRecognizer.init --> 12 <====> org.hero.msg.GameMsgProtocol$UserDieResult
[09:32:55,307] [INFO] GameMsgRecognizer.init --> 11 <====> org.hero.msg.GameMsgProtocol$UserSubtractHpResult
[09:32:55,697] [INFO] GameMsgRecognizer.init --> 10 <====> org.hero.msg.GameMsgProtocol$UserAttkResult
[09:32:56,148] [INFO] GameMsgRecognizer.init --> 9 <====> org.hero.msg.GameMsgProtocol$UserAttkCmd
[09:35:49,098] [INFO] GameMsgRecognizer.init --> 8 <====> org.hero.msg.GameMsgProtocol$UserStopResult
[09:35:49,111] [INFO] GameMsgRecognizer.init --> 7 <====> org.hero.msg.GameMsgProtocol$UserStopCmd
[09:35:49,120] [INFO] GameMsgRecognizer.init --> 6 <====> org.hero.msg.GameMsgProtocol$UserQuitResult
[09:35:49,131] [INFO] GameMsgRecognizer.init --> 5 <====> org.hero.msg.GameMsgProtocol$UserMoveToResult
[09:35:49,141] [INFO] GameMsgRecognizer.init --> 4 <====> org.hero.msg.GameMsgProtocol$UserMoveToCmd
[09:35:49,151] [INFO] GameMsgRecognizer.init --> 3 <====> org.hero.msg.GameMsgProtocol$WhoElseIsHereResult
[09:35:49,172] [INFO] GameMsgRecognizer.init --> 2 <====> org.hero.msg.GameMsgProtocol$WhoElseIsHereCmd
[09:35:49,182] [INFO] GameMsgRecognizer.init --> 1 <====> org.hero.msg.GameMsgProtocol$UserEntryResult
[09:35:49,191] [INFO] GameMsgRecognizer.init --> 0 <====> org.hero.msg.GameMsgProtocol$UserEntryCmd
[09:35:50,485] [INFO] ServerMain.main --> 服务器启动成功
[09:48:37,821] [INFO] CmdHandlerFactory.init --> org.hero.msg.GameMsgProtocol$UserLoginCmd <=======> org.hero.handler.UserLoginCmdHandler
[09:48:37,832] [INFO] CmdHandlerFactory.init --> org.hero.msg.GameMsgProtocol$UserMoveToCmd <=======> org.hero.handler.UserMoveToCmdHandler
[09:48:37,840] [INFO] CmdHandlerFactory.init --> org.hero.msg.GameMsgProtocol$UserAttkCmd <=======> org.hero.handler.UserAttkCmdHandler
[09:48:37,847] [INFO] CmdHandlerFactory.init --> org.hero.msg.GameMsgProtocol$UserEntryCmd <=======> org.hero.handler.UserEntryCmdHandler
[09:48:37,854] [INFO] CmdHandlerFactory.init --> org.hero.msg.GameMsgProtocol$WhoElseIsHereCmd <=======> org.hero.handler.WhoElseIsHereCmdHandler
[09:48:37,954] [INFO] GameMsgRecognizer.init --> 16 <====> org.hero.msg.GameMsgProtocol$SelectHeroResult
[09:48:37,966] [INFO] GameMsgRecognizer.init --> 15 <====> org.hero.msg.GameMsgProtocol$SelectHeroCmd
[09:48:37,967] [INFO] GameMsgRecognizer.init --> 14 <====> org.hero.msg.GameMsgProtocol$UserLoginResult
[09:48:37,967] [INFO] GameMsgRecognizer.init --> 13 <====> org.hero.msg.GameMsgProtocol$UserLoginCmd
[09:48:37,968] [INFO] GameMsgRecognizer.init --> 12 <====> org.hero.msg.GameMsgProtocol$UserDieResult
[09:48:37,969] [INFO] GameMsgRecognizer.init --> 11 <====> org.hero.msg.GameMsgProtocol$UserSubtractHpResult
[09:48:37,969] [INFO] GameMsgRecognizer.init --> 10 <====> org.hero.msg.GameMsgProtocol$UserAttkResult
[09:48:37,970] [INFO] GameMsgRecognizer.init --> 9 <====> org.hero.msg.GameMsgProtocol$UserAttkCmd
[09:48:37,971] [INFO] GameMsgRecognizer.init --> 8 <====> org.hero.msg.GameMsgProtocol$UserStopResult
[09:48:37,972] [INFO] GameMsgRecognizer.init --> 7 <====> org.hero.msg.GameMsgProtocol$UserStopCmd
[09:48:37,974] [INFO] GameMsgRecognizer.init --> 6 <====> org.hero.msg.GameMsgProtocol$UserQuitResult
[09:48:37,976] [INFO] GameMsgRecognizer.init --> 5 <====> org.hero.msg.GameMsgProtocol$UserMoveToResult
[09:48:37,977] [INFO] GameMsgRecognizer.init --> 4 <====> org.hero.msg.GameMsgProtocol$UserMoveToCmd
[09:48:37,977] [INFO] GameMsgRecognizer.init --> 3 <====> org.hero.msg.GameMsgProtocol$WhoElseIsHereResult
[09:48:37,978] [INFO] GameMsgRecognizer.init --> 2 <====> org.hero.msg.GameMsgProtocol$WhoElseIsHereCmd
[09:48:37,978] [INFO] GameMsgRecognizer.init --> 1 <====> org.hero.msg.GameMsgProtocol$UserEntryResult
[09:48:37,979] [INFO] GameMsgRecognizer.init --> 0 <====> org.hero.msg.GameMsgProtocol$UserEntryCmd
[09:48:39,053] [INFO] ServerMain.main --> 服务器启动成功
[09:49:35,054] [INFO] CmdHandlerFactory.init --> org.hero.msg.GameMsgProtocol$UserLoginCmd <=======> org.hero.handler.UserLoginCmdHandler
[09:49:35,057] [INFO] CmdHandlerFactory.init --> org.hero.msg.GameMsgProtocol$UserMoveToCmd <=======> org.hero.handler.UserMoveToCmdHandler
[09:49:35,058] [INFO] CmdHandlerFactory.init --> org.hero.msg.GameMsgProtocol$UserAttkCmd <=======> org.hero.handler.UserAttkCmdHandler
[09:49:35,059] [INFO] CmdHandlerFactory.init --> org.hero.msg.GameMsgProtocol$UserEntryCmd <=======> org.hero.handler.UserEntryCmdHandler
[09:49:35,060] [INFO] CmdHandlerFactory.init --> org.hero.msg.GameMsgProtocol$WhoElseIsHereCmd <=======> org.hero.handler.WhoElseIsHereCmdHandler
[09:49:35,078] [INFO] GameMsgRecognizer.init --> 16 <====> org.hero.msg.GameMsgProtocol$SelectHeroResult
[09:49:35,088] [INFO] GameMsgRecognizer.init --> 15 <====> org.hero.msg.GameMsgProtocol$SelectHeroCmd
[09:49:35,089] [INFO] GameMsgRecognizer.init --> 14 <====> org.hero.msg.GameMsgProtocol$UserLoginResult
[09:49:35,089] [INFO] GameMsgRecognizer.init --> 13 <====> org.hero.msg.GameMsgProtocol$UserLoginCmd
[09:49:35,090] [INFO] GameMsgRecognizer.init --> 12 <====> org.hero.msg.GameMsgProtocol$UserDieResult
[09:49:35,091] [INFO] GameMsgRecognizer.init --> 11 <====> org.hero.msg.GameMsgProtocol$UserSubtractHpResult
[09:49:35,091] [INFO] GameMsgRecognizer.init --> 10 <====> org.hero.msg.GameMsgProtocol$UserAttkResult
[09:49:35,092] [INFO] GameMsgRecognizer.init --> 9 <====> org.hero.msg.GameMsgProtocol$UserAttkCmd
[09:49:35,092] [INFO] GameMsgRecognizer.init --> 8 <====> org.hero.msg.GameMsgProtocol$UserStopResult
[09:49:35,093] [INFO] GameMsgRecognizer.init --> 7 <====> org.hero.msg.GameMsgProtocol$UserStopCmd
[09:49:35,094] [INFO] GameMsgRecognizer.init --> 6 <====> org.hero.msg.GameMsgProtocol$UserQuitResult
[09:49:35,096] [INFO] GameMsgRecognizer.init --> 5 <====> org.hero.msg.GameMsgProtocol$UserMoveToResult
[09:49:35,096] [INFO] GameMsgRecognizer.init --> 4 <====> org.hero.msg.GameMsgProtocol$UserMoveToCmd
[09:49:35,097] [INFO] GameMsgRecognizer.init --> 3 <====> org.hero.msg.GameMsgProtocol$WhoElseIsHereResult
[09:49:35,098] [INFO] GameMsgRecognizer.init --> 2 <====> org.hero.msg.GameMsgProtocol$WhoElseIsHereCmd
[09:49:35,098] [INFO] GameMsgRecognizer.init --> 1 <====> org.hero.msg.GameMsgProtocol$UserEntryResult
[09:49:35,099] [INFO] GameMsgRecognizer.init --> 0 <====> org.hero.msg.GameMsgProtocol$UserEntryCmd
[09:49:36,153] [INFO] ServerMain.main --> 服务器启动成功
[10:50:28,209] [INFO] CmdHandlerFactory.init --> org.hero.msg.GameMsgProtocol$UserLoginCmd <=======> org.hero.handler.UserLoginCmdHandler
[10:50:28,213] [INFO] CmdHandlerFactory.init --> org.hero.msg.GameMsgProtocol$UserMoveToCmd <=======> org.hero.handler.UserMoveToCmdHandler
[10:50:28,214] [INFO] CmdHandlerFactory.init --> org.hero.msg.GameMsgProtocol$UserAttkCmd <=======> org.hero.handler.UserAttkCmdHandler
[10:50:28,215] [INFO] CmdHandlerFactory.init --> org.hero.msg.GameMsgProtocol$UserEntryCmd <=======> org.hero.handler.UserEntryCmdHandler
[10:50:28,215] [INFO] CmdHandlerFactory.init --> org.hero.msg.GameMsgProtocol$WhoElseIsHereCmd <=======> org.hero.handler.WhoElseIsHereCmdHandler
[10:50:28,232] [INFO] GameMsgRecognizer.init --> 16 <====> org.hero.msg.GameMsgProtocol$SelectHeroResult
[10:50:28,258] [INFO] GameMsgRecognizer.init --> 15 <====> org.hero.msg.GameMsgProtocol$SelectHeroCmd
[10:50:28,268] [INFO] GameMsgRecognizer.init --> 14 <====> org.hero.msg.GameMsgProtocol$UserLoginResult
[10:50:28,274] [INFO] GameMsgRecognizer.init --> 13 <====> org.hero.msg.GameMsgProtocol$UserLoginCmd
[10:50:28,283] [INFO] GameMsgRecognizer.init --> 12 <====> org.hero.msg.GameMsgProtocol$UserDieResult
[10:50:28,293] [INFO] GameMsgRecognizer.init --> 11 <====> org.hero.msg.GameMsgProtocol$UserSubtractHpResult
[10:50:28,302] [INFO] GameMsgRecognizer.init --> 10 <====> org.hero.msg.GameMsgProtocol$UserAttkResult
[10:50:28,313] [INFO] GameMsgRecognizer.init --> 9 <====> org.hero.msg.GameMsgProtocol$UserAttkCmd
[10:50:28,322] [INFO] GameMsgRecognizer.init --> 8 <====> org.hero.msg.GameMsgProtocol$UserStopResult
[10:50:28,333] [INFO] GameMsgRecognizer.init --> 7 <====> org.hero.msg.GameMsgProtocol$UserStopCmd
[10:50:28,342] [INFO] GameMsgRecognizer.init --> 6 <====> org.hero.msg.GameMsgProtocol$UserQuitResult
[10:50:28,353] [INFO] GameMsgRecognizer.init --> 5 <====> org.hero.msg.GameMsgProtocol$UserMoveToResult
[10:50:28,362] [INFO] GameMsgRecognizer.init --> 4 <====> org.hero.msg.GameMsgProtocol$UserMoveToCmd
[10:50:28,370] [INFO] GameMsgRecognizer.init --> 3 <====> org.hero.msg.GameMsgProtocol$WhoElseIsHereResult
[10:50:28,389] [INFO] GameMsgRecognizer.init --> 2 <====> org.hero.msg.GameMsgProtocol$WhoElseIsHereCmd
[10:50:28,397] [INFO] GameMsgRecognizer.init --> 1 <====> org.hero.msg.GameMsgProtocol$UserEntryResult
[10:50:28,407] [INFO] GameMsgRecognizer.init --> 0 <====> org.hero.msg.GameMsgProtocol$UserEntryCmd
[10:50:29,485] [INFO] ServerMain.main --> 服务器启动成功
[10:50:42,721] [INFO] UserLoginCmdHandler.handle --> 用户登录消息，username = a，password = 1
[10:50:42,722] [INFO] UserLoginCmdHandler.handle --> 用户登录：userName = a,password = 1
[10:50:42,733] [INFO] LoginService.userLogin --> 用户登录当前处理线程 ：AsyncOperationProcessor
[16:32:57,065] [INFO] CmdHandlerFactory.init --> org.hero.msg.GameMsgProtocol$UserLoginCmd <=======> org.hero.handler.UserLoginCmdHandler
[16:32:57,070] [INFO] CmdHandlerFactory.init --> org.hero.msg.GameMsgProtocol$UserMoveToCmd <=======> org.hero.handler.UserMoveToCmdHandler
[16:32:57,071] [INFO] CmdHandlerFactory.init --> org.hero.msg.GameMsgProtocol$UserAttkCmd <=======> org.hero.handler.UserAttkCmdHandler
[16:32:57,072] [INFO] CmdHandlerFactory.init --> org.hero.msg.GameMsgProtocol$UserEntryCmd <=======> org.hero.handler.UserEntryCmdHandler
[16:32:57,074] [INFO] CmdHandlerFactory.init --> org.hero.msg.GameMsgProtocol$WhoElseIsHereCmd <=======> org.hero.handler.WhoElseIsHereCmdHandler
[16:32:57,093] [INFO] GameMsgRecognizer.init --> 16 <====> org.hero.msg.GameMsgProtocol$SelectHeroResult
[16:32:57,117] [INFO] GameMsgRecognizer.init --> 15 <====> org.hero.msg.GameMsgProtocol$SelectHeroCmd
[16:32:57,119] [INFO] GameMsgRecognizer.init --> 14 <====> org.hero.msg.GameMsgProtocol$UserLoginResult
[16:32:57,120] [INFO] GameMsgRecognizer.init --> 13 <====> org.hero.msg.GameMsgProtocol$UserLoginCmd
[16:32:57,123] [INFO] GameMsgRecognizer.init --> 12 <====> org.hero.msg.GameMsgProtocol$UserDieResult
[16:32:57,125] [INFO] GameMsgRecognizer.init --> 11 <====> org.hero.msg.GameMsgProtocol$UserSubtractHpResult
[16:32:57,127] [INFO] GameMsgRecognizer.init --> 10 <====> org.hero.msg.GameMsgProtocol$UserAttkResult
[16:32:57,129] [INFO] GameMsgRecognizer.init --> 9 <====> org.hero.msg.GameMsgProtocol$UserAttkCmd
[16:32:57,131] [INFO] GameMsgRecognizer.init --> 8 <====> org.hero.msg.GameMsgProtocol$UserStopResult
[16:32:57,133] [INFO] GameMsgRecognizer.init --> 7 <====> org.hero.msg.GameMsgProtocol$UserStopCmd
[16:32:57,135] [INFO] GameMsgRecognizer.init --> 6 <====> org.hero.msg.GameMsgProtocol$UserQuitResult
[16:32:57,137] [INFO] GameMsgRecognizer.init --> 5 <====> org.hero.msg.GameMsgProtocol$UserMoveToResult
[16:32:57,140] [INFO] GameMsgRecognizer.init --> 4 <====> org.hero.msg.GameMsgProtocol$UserMoveToCmd
[16:32:57,142] [INFO] GameMsgRecognizer.init --> 3 <====> org.hero.msg.GameMsgProtocol$WhoElseIsHereResult
[16:32:57,146] [INFO] GameMsgRecognizer.init --> 2 <====> org.hero.msg.GameMsgProtocol$WhoElseIsHereCmd
[16:32:57,148] [INFO] GameMsgRecognizer.init --> 1 <====> org.hero.msg.GameMsgProtocol$UserEntryResult
[16:32:57,150] [INFO] GameMsgRecognizer.init --> 0 <====> org.hero.msg.GameMsgProtocol$UserEntryCmd
[16:32:58,222] [INFO] ServerMain.main --> 服务器启动成功
[16:33:06,685] [INFO] UserLoginCmdHandler.handle --> 用户登录消息，username = a，password = 1
[16:33:06,685] [INFO] UserLoginCmdHandler.handle --> 用户登录：userName = a,password = 1
[16:33:06,715] [INFO] LoginService$AsyncGetUserByNamme.doAsync --> 用户登录当前处理线程 ：AsyncOperationProcessor
[16:33:07,360] [INFO] UserLoginCmdHandler.lambda$handle$0 --> 用户登录线程 = MainThreadProcessor
[20:29:59,286] [INFO] CmdHandlerFactory.init --> org.hero.msg.GameMsgProtocol$UserLoginCmd <=======> org.hero.handler.UserLoginCmdHandler
[20:29:59,289] [INFO] CmdHandlerFactory.init --> org.hero.msg.GameMsgProtocol$UserMoveToCmd <=======> org.hero.handler.UserMoveToCmdHandler
[20:29:59,290] [INFO] CmdHandlerFactory.init --> org.hero.msg.GameMsgProtocol$UserAttkCmd <=======> org.hero.handler.UserAttkCmdHandler
[20:29:59,291] [INFO] CmdHandlerFactory.init --> org.hero.msg.GameMsgProtocol$UserEntryCmd <=======> org.hero.handler.UserEntryCmdHandler
[20:29:59,292] [INFO] CmdHandlerFactory.init --> org.hero.msg.GameMsgProtocol$WhoElseIsHereCmd <=======> org.hero.handler.WhoElseIsHereCmdHandler
[20:29:59,305] [INFO] GameMsgRecognizer.init --> 16 <====> org.hero.msg.GameMsgProtocol$SelectHeroResult
[20:29:59,322] [INFO] GameMsgRecognizer.init --> 15 <====> org.hero.msg.GameMsgProtocol$SelectHeroCmd
[20:29:59,324] [INFO] GameMsgRecognizer.init --> 14 <====> org.hero.msg.GameMsgProtocol$UserLoginResult
[20:29:59,325] [INFO] GameMsgRecognizer.init --> 13 <====> org.hero.msg.GameMsgProtocol$UserLoginCmd
[20:29:59,327] [INFO] GameMsgRecognizer.init --> 12 <====> org.hero.msg.GameMsgProtocol$UserDieResult
[20:29:59,328] [INFO] GameMsgRecognizer.init --> 11 <====> org.hero.msg.GameMsgProtocol$UserSubtractHpResult
[20:29:59,330] [INFO] GameMsgRecognizer.init --> 10 <====> org.hero.msg.GameMsgProtocol$UserAttkResult
[20:29:59,331] [INFO] GameMsgRecognizer.init --> 9 <====> org.hero.msg.GameMsgProtocol$UserAttkCmd
[20:29:59,332] [INFO] GameMsgRecognizer.init --> 8 <====> org.hero.msg.GameMsgProtocol$UserStopResult
[20:29:59,334] [INFO] GameMsgRecognizer.init --> 7 <====> org.hero.msg.GameMsgProtocol$UserStopCmd
[20:29:59,335] [INFO] GameMsgRecognizer.init --> 6 <====> org.hero.msg.GameMsgProtocol$UserQuitResult
[20:29:59,338] [INFO] GameMsgRecognizer.init --> 5 <====> org.hero.msg.GameMsgProtocol$UserMoveToResult
[20:29:59,339] [INFO] GameMsgRecognizer.init --> 4 <====> org.hero.msg.GameMsgProtocol$UserMoveToCmd
[20:29:59,341] [INFO] GameMsgRecognizer.init --> 3 <====> org.hero.msg.GameMsgProtocol$WhoElseIsHereResult
[20:29:59,343] [INFO] GameMsgRecognizer.init --> 2 <====> org.hero.msg.GameMsgProtocol$WhoElseIsHereCmd
[20:29:59,344] [INFO] GameMsgRecognizer.init --> 1 <====> org.hero.msg.GameMsgProtocol$UserEntryResult
[20:29:59,345] [INFO] GameMsgRecognizer.init --> 0 <====> org.hero.msg.GameMsgProtocol$UserEntryCmd
[20:30:00,440] [INFO] ServerMain.main --> 服务器启动成功
[20:30:53,074] [INFO] UserLoginCmdHandler.handle --> 用户登录消息，username = a，password = 1
[20:30:53,074] [INFO] UserLoginCmdHandler.handle --> 用户登录：userName = a,password = 1
[20:35:42,495] [INFO] CmdHandlerFactory.init --> org.hero.msg.GameMsgProtocol$UserLoginCmd <=======> org.hero.handler.UserLoginCmdHandler
[20:35:42,497] [INFO] CmdHandlerFactory.init --> org.hero.msg.GameMsgProtocol$UserMoveToCmd <=======> org.hero.handler.UserMoveToCmdHandler
[20:35:42,498] [INFO] CmdHandlerFactory.init --> org.hero.msg.GameMsgProtocol$UserAttkCmd <=======> org.hero.handler.UserAttkCmdHandler
[20:35:42,499] [INFO] CmdHandlerFactory.init --> org.hero.msg.GameMsgProtocol$UserEntryCmd <=======> org.hero.handler.UserEntryCmdHandler
[20:35:42,500] [INFO] CmdHandlerFactory.init --> org.hero.msg.GameMsgProtocol$WhoElseIsHereCmd <=======> org.hero.handler.WhoElseIsHereCmdHandler
[20:35:42,512] [INFO] GameMsgRecognizer.init --> 16 <====> org.hero.msg.GameMsgProtocol$SelectHeroResult
[20:35:42,534] [INFO] GameMsgRecognizer.init --> 15 <====> org.hero.msg.GameMsgProtocol$SelectHeroCmd
[20:35:42,536] [INFO] GameMsgRecognizer.init --> 14 <====> org.hero.msg.GameMsgProtocol$UserLoginResult
[20:35:42,537] [INFO] GameMsgRecognizer.init --> 13 <====> org.hero.msg.GameMsgProtocol$UserLoginCmd
[20:35:42,539] [INFO] GameMsgRecognizer.init --> 12 <====> org.hero.msg.GameMsgProtocol$UserDieResult
[20:35:42,540] [INFO] GameMsgRecognizer.init --> 11 <====> org.hero.msg.GameMsgProtocol$UserSubtractHpResult
[20:35:42,542] [INFO] GameMsgRecognizer.init --> 10 <====> org.hero.msg.GameMsgProtocol$UserAttkResult
[20:35:42,543] [INFO] GameMsgRecognizer.init --> 9 <====> org.hero.msg.GameMsgProtocol$UserAttkCmd
[20:35:42,544] [INFO] GameMsgRecognizer.init --> 8 <====> org.hero.msg.GameMsgProtocol$UserStopResult
[20:35:42,546] [INFO] GameMsgRecognizer.init --> 7 <====> org.hero.msg.GameMsgProtocol$UserStopCmd
[20:35:42,547] [INFO] GameMsgRecognizer.init --> 6 <====> org.hero.msg.GameMsgProtocol$UserQuitResult
[20:35:42,549] [INFO] GameMsgRecognizer.init --> 5 <====> org.hero.msg.GameMsgProtocol$UserMoveToResult
[20:35:42,550] [INFO] GameMsgRecognizer.init --> 4 <====> org.hero.msg.GameMsgProtocol$UserMoveToCmd
[20:35:42,552] [INFO] GameMsgRecognizer.init --> 3 <====> org.hero.msg.GameMsgProtocol$WhoElseIsHereResult
[20:35:42,554] [INFO] GameMsgRecognizer.init --> 2 <====> org.hero.msg.GameMsgProtocol$WhoElseIsHereCmd
[20:35:42,556] [INFO] GameMsgRecognizer.init --> 1 <====> org.hero.msg.GameMsgProtocol$UserEntryResult
[20:35:42,558] [INFO] GameMsgRecognizer.init --> 0 <====> org.hero.msg.GameMsgProtocol$UserEntryCmd
[20:35:43,588] [INFO] ServerMain.main --> 服务器启动成功
[20:35:55,296] [INFO] UserLoginCmdHandler.handle --> 用户登录消息，username = b，password = 2
[20:35:55,296] [INFO] UserLoginCmdHandler.handle --> 用户登录：userName = b,password = 2
[20:35:59,890] [INFO] LoginService$AsyncGetUserByNamme.doAsync --> 用户登录当前处理线程 ：AsyncOperationProcessor2
[20:36:00,532] [INFO] UserLoginCmdHandler.lambda$handle$0 --> 用户登录线程 = MainThreadProcessor
[20:48:13,826] [INFO] CmdHandlerFactory.init --> org.hero.msg.GameMsgProtocol$UserLoginCmd <=======> org.hero.handler.UserLoginCmdHandler
[20:48:13,829] [INFO] CmdHandlerFactory.init --> org.hero.msg.GameMsgProtocol$UserMoveToCmd <=======> org.hero.handler.UserMoveToCmdHandler
[20:48:13,830] [INFO] CmdHandlerFactory.init --> org.hero.msg.GameMsgProtocol$UserAttkCmd <=======> org.hero.handler.UserAttkCmdHandler
[20:48:13,831] [INFO] CmdHandlerFactory.init --> org.hero.msg.GameMsgProtocol$UserEntryCmd <=======> org.hero.handler.UserEntryCmdHandler
[20:48:13,832] [INFO] CmdHandlerFactory.init --> org.hero.msg.GameMsgProtocol$WhoElseIsHereCmd <=======> org.hero.handler.WhoElseIsHereCmdHandler
[20:48:13,844] [INFO] GameMsgRecognizer.init --> 16 <====> org.hero.msg.GameMsgProtocol$SelectHeroResult
[20:48:13,869] [INFO] GameMsgRecognizer.init --> 15 <====> org.hero.msg.GameMsgProtocol$SelectHeroCmd
[20:48:13,870] [INFO] GameMsgRecognizer.init --> 14 <====> org.hero.msg.GameMsgProtocol$UserLoginResult
[20:48:13,872] [INFO] GameMsgRecognizer.init --> 13 <====> org.hero.msg.GameMsgProtocol$UserLoginCmd
[20:48:13,873] [INFO] GameMsgRecognizer.init --> 12 <====> org.hero.msg.GameMsgProtocol$UserDieResult
[20:48:13,874] [INFO] GameMsgRecognizer.init --> 11 <====> org.hero.msg.GameMsgProtocol$UserSubtractHpResult
[20:48:13,876] [INFO] GameMsgRecognizer.init --> 10 <====> org.hero.msg.GameMsgProtocol$UserAttkResult
[20:48:13,877] [INFO] GameMsgRecognizer.init --> 9 <====> org.hero.msg.GameMsgProtocol$UserAttkCmd
[20:48:13,878] [INFO] GameMsgRecognizer.init --> 8 <====> org.hero.msg.GameMsgProtocol$UserStopResult
[20:48:13,880] [INFO] GameMsgRecognizer.init --> 7 <====> org.hero.msg.GameMsgProtocol$UserStopCmd
[20:48:13,881] [INFO] GameMsgRecognizer.init --> 6 <====> org.hero.msg.GameMsgProtocol$UserQuitResult
[20:48:13,883] [INFO] GameMsgRecognizer.init --> 5 <====> org.hero.msg.GameMsgProtocol$UserMoveToResult
[20:48:13,884] [INFO] GameMsgRecognizer.init --> 4 <====> org.hero.msg.GameMsgProtocol$UserMoveToCmd
[20:48:13,886] [INFO] GameMsgRecognizer.init --> 3 <====> org.hero.msg.GameMsgProtocol$WhoElseIsHereResult
[20:48:13,888] [INFO] GameMsgRecognizer.init --> 2 <====> org.hero.msg.GameMsgProtocol$WhoElseIsHereCmd
[20:48:13,889] [INFO] GameMsgRecognizer.init --> 1 <====> org.hero.msg.GameMsgProtocol$UserEntryResult
[20:48:13,891] [INFO] GameMsgRecognizer.init --> 0 <====> org.hero.msg.GameMsgProtocol$UserEntryCmd
[20:48:14,999] [INFO] ServerMain.main --> 服务器启动成功
[20:48:26,270] [INFO] UserLoginCmdHandler.handle --> 用户登录消息，username = a，password = 1
[20:48:26,270] [INFO] UserLoginCmdHandler.handle --> 用户登录：userName = a,password = 1
[20:48:26,290] [INFO] LoginService.userLogin --> 用户登录完成，异步执行完毕
[20:48:26,295] [INFO] LoginService$AsyncGetUserByNamme.doAsync --> 用户登录当前处理线程 ：AsyncOperationProcessor1
[20:48:31,877] [INFO] UserLoginCmdHandler.lambda$handle$0 --> 用户登录线程 = MainThreadProcessor
[20:51:39,294] [main] [INFO] CmdHandlerFactory.init --> org.hero.msg.GameMsgProtocol$UserLoginCmd <=======> org.hero.handler.UserLoginCmdHandler
[20:51:39,296] [main] [INFO] CmdHandlerFactory.init --> org.hero.msg.GameMsgProtocol$UserMoveToCmd <=======> org.hero.handler.UserMoveToCmdHandler
[20:51:39,297] [main] [INFO] CmdHandlerFactory.init --> org.hero.msg.GameMsgProtocol$UserAttkCmd <=======> org.hero.handler.UserAttkCmdHandler
[20:51:39,298] [main] [INFO] CmdHandlerFactory.init --> org.hero.msg.GameMsgProtocol$UserEntryCmd <=======> org.hero.handler.UserEntryCmdHandler
[20:51:39,299] [main] [INFO] CmdHandlerFactory.init --> org.hero.msg.GameMsgProtocol$WhoElseIsHereCmd <=======> org.hero.handler.WhoElseIsHereCmdHandler
[20:51:39,310] [main] [INFO] GameMsgRecognizer.init --> 16 <====> org.hero.msg.GameMsgProtocol$SelectHeroResult
[20:51:39,327] [main] [INFO] GameMsgRecognizer.init --> 15 <====> org.hero.msg.GameMsgProtocol$SelectHeroCmd
[20:51:39,329] [main] [INFO] GameMsgRecognizer.init --> 14 <====> org.hero.msg.GameMsgProtocol$UserLoginResult
[20:51:39,330] [main] [INFO] GameMsgRecognizer.init --> 13 <====> org.hero.msg.GameMsgProtocol$UserLoginCmd
[20:51:39,332] [main] [INFO] GameMsgRecognizer.init --> 12 <====> org.hero.msg.GameMsgProtocol$UserDieResult
[20:51:39,333] [main] [INFO] GameMsgRecognizer.init --> 11 <====> org.hero.msg.GameMsgProtocol$UserSubtractHpResult
[20:51:39,335] [main] [INFO] GameMsgRecognizer.init --> 10 <====> org.hero.msg.GameMsgProtocol$UserAttkResult
[20:51:39,337] [main] [INFO] GameMsgRecognizer.init --> 9 <====> org.hero.msg.GameMsgProtocol$UserAttkCmd
[20:51:39,340] [main] [INFO] GameMsgRecognizer.init --> 8 <====> org.hero.msg.GameMsgProtocol$UserStopResult
[20:51:39,342] [main] [INFO] GameMsgRecognizer.init --> 7 <====> org.hero.msg.GameMsgProtocol$UserStopCmd
[20:51:39,344] [main] [INFO] GameMsgRecognizer.init --> 6 <====> org.hero.msg.GameMsgProtocol$UserQuitResult
[20:51:39,347] [main] [INFO] GameMsgRecognizer.init --> 5 <====> org.hero.msg.GameMsgProtocol$UserMoveToResult
[20:51:39,349] [main] [INFO] GameMsgRecognizer.init --> 4 <====> org.hero.msg.GameMsgProtocol$UserMoveToCmd
[20:51:39,350] [main] [INFO] GameMsgRecognizer.init --> 3 <====> org.hero.msg.GameMsgProtocol$WhoElseIsHereResult
[20:51:39,353] [main] [INFO] GameMsgRecognizer.init --> 2 <====> org.hero.msg.GameMsgProtocol$WhoElseIsHereCmd
[20:51:39,355] [main] [INFO] GameMsgRecognizer.init --> 1 <====> org.hero.msg.GameMsgProtocol$UserEntryResult
[20:51:39,356] [main] [INFO] GameMsgRecognizer.init --> 0 <====> org.hero.msg.GameMsgProtocol$UserEntryCmd
[20:51:40,385] [main] [INFO] ServerMain.main --> 服务器启动成功
[20:51:56,016] [MainThreadProcessor] [INFO] UserLoginCmdHandler.handle --> 用户登录消息，username = a，password = 1
[20:51:56,016] [MainThreadProcessor] [INFO] UserLoginCmdHandler.handle --> 用户登录：userName = a,password = 1
[20:51:56,024] [MainThreadProcessor] [INFO] LoginService.userLogin --> 用户登录完成，异步执行完毕
[20:51:56,031] [AsyncOperationProcessor1] [INFO] LoginService$AsyncGetUserByNamme.doAsync --> 用户登录当前处理线程 ：AsyncOperationProcessor1
[20:51:56,608] [MainThreadProcessor] [INFO] UserLoginCmdHandler.lambda$handle$0 --> 用户登录线程 = MainThreadProcessor
[20:53:13,409] [main] [INFO] CmdHandlerFactory.init --> org.hero.msg.GameMsgProtocol$UserLoginCmd <=======> org.hero.handler.UserLoginCmdHandler
[20:53:13,412] [main] [INFO] CmdHandlerFactory.init --> org.hero.msg.GameMsgProtocol$UserMoveToCmd <=======> org.hero.handler.UserMoveToCmdHandler
[20:53:13,412] [main] [INFO] CmdHandlerFactory.init --> org.hero.msg.GameMsgProtocol$UserAttkCmd <=======> org.hero.handler.UserAttkCmdHandler
[20:53:13,413] [main] [INFO] CmdHandlerFactory.init --> org.hero.msg.GameMsgProtocol$UserEntryCmd <=======> org.hero.handler.UserEntryCmdHandler
[20:53:13,414] [main] [INFO] CmdHandlerFactory.init --> org.hero.msg.GameMsgProtocol$WhoElseIsHereCmd <=======> org.hero.handler.WhoElseIsHereCmdHandler
[20:53:13,425] [main] [INFO] GameMsgRecognizer.init --> 16 <====> org.hero.msg.GameMsgProtocol$SelectHeroResult
[20:53:13,443] [main] [INFO] GameMsgRecognizer.init --> 15 <====> org.hero.msg.GameMsgProtocol$SelectHeroCmd
[20:53:13,444] [main] [INFO] GameMsgRecognizer.init --> 14 <====> org.hero.msg.GameMsgProtocol$UserLoginResult
[20:53:13,446] [main] [INFO] GameMsgRecognizer.init --> 13 <====> org.hero.msg.GameMsgProtocol$UserLoginCmd
[20:53:13,447] [main] [INFO] GameMsgRecognizer.init --> 12 <====> org.hero.msg.GameMsgProtocol$UserDieResult
[20:53:13,448] [main] [INFO] GameMsgRecognizer.init --> 11 <====> org.hero.msg.GameMsgProtocol$UserSubtractHpResult
[20:53:13,450] [main] [INFO] GameMsgRecognizer.init --> 10 <====> org.hero.msg.GameMsgProtocol$UserAttkResult
[20:53:13,451] [main] [INFO] GameMsgRecognizer.init --> 9 <====> org.hero.msg.GameMsgProtocol$UserAttkCmd
[20:53:13,452] [main] [INFO] GameMsgRecognizer.init --> 8 <====> org.hero.msg.GameMsgProtocol$UserStopResult
[20:53:13,454] [main] [INFO] GameMsgRecognizer.init --> 7 <====> org.hero.msg.GameMsgProtocol$UserStopCmd
[20:53:13,455] [main] [INFO] GameMsgRecognizer.init --> 6 <====> org.hero.msg.GameMsgProtocol$UserQuitResult
[20:53:13,457] [main] [INFO] GameMsgRecognizer.init --> 5 <====> org.hero.msg.GameMsgProtocol$UserMoveToResult
[20:53:13,458] [main] [INFO] GameMsgRecognizer.init --> 4 <====> org.hero.msg.GameMsgProtocol$UserMoveToCmd
[20:53:13,460] [main] [INFO] GameMsgRecognizer.init --> 3 <====> org.hero.msg.GameMsgProtocol$WhoElseIsHereResult
[20:53:13,462] [main] [INFO] GameMsgRecognizer.init --> 2 <====> org.hero.msg.GameMsgProtocol$WhoElseIsHereCmd
[20:53:13,463] [main] [INFO] GameMsgRecognizer.init --> 1 <====> org.hero.msg.GameMsgProtocol$UserEntryResult
[20:53:13,465] [main] [INFO] GameMsgRecognizer.init --> 0 <====> org.hero.msg.GameMsgProtocol$UserEntryCmd
[20:53:14,484] [main] [INFO] ServerMain.main --> 服务器启动成功
[20:53:31,085] [MainThreadProcessor] [INFO] UserLoginCmdHandler.handle --> 用户登录消息，username = a，password = 1
[20:53:31,085] [MainThreadProcessor] [INFO] UserLoginCmdHandler.handle --> 用户登录：userName = a,password = 1
[20:53:31,088] [MainThreadProcessor] [INFO] LoginService.userLogin --> 用户登录完成，异步执行完毕
[20:53:31,094] [AsyncOperationProcessor1] [INFO] LoginService$AsyncGetUserByNamme.doAsync --> 用户登录当前处理线程 ：AsyncOperationProcessor1
[20:53:31,687] [MainThreadProcessor] [INFO] UserLoginCmdHandler.lambda$handle$0 --> 用户登录线程 = MainThreadProcessor
[20:53:44,492] [MainThreadProcessor] [INFO] UserLoginCmdHandler.handle --> 用户登录消息，username = b，password = 2
[20:53:44,492] [MainThreadProcessor] [INFO] UserLoginCmdHandler.handle --> 用户登录：userName = b,password = 2
[20:53:44,493] [MainThreadProcessor] [INFO] LoginService.userLogin --> 用户登录完成，异步执行完毕
[20:53:44,493] [AsyncOperationProcessor2] [INFO] LoginService$AsyncGetUserByNamme.doAsync --> 用户登录当前处理线程 ：AsyncOperationProcessor2
[20:53:44,495] [MainThreadProcessor] [INFO] UserLoginCmdHandler.lambda$handle$0 --> 用户登录线程 = MainThreadProcessor
